Log file open, 07/08/18 20:38:07
LogWindows: Failed to load 'aqProf.dll' (GetLastError=126)
LogWindows: File 'aqProf.dll' does not exist
LogWindows: Failed to load 'VtuneApi.dll' (GetLastError=126)
LogWindows: File 'VtuneApi.dll' does not exist
LogWindows: Failed to load 'VtuneApi32e.dll' (GetLastError=126)
LogWindows: File 'VtuneApi32e.dll' does not exist
LogInit: Display: Running engine for game: AutomationSystem
LogPlatformFile: Not using cached read wrapper
LogTaskGraph: Started task graph with 5 named threads and 23 total threads with 3 sets of task threads.
LogStats: Stats thread started at 0.278537
LogD3D11RHI: Loaded GFSDK_Aftermath_Lib.x64.dll
LogICUInternationalization: Display: ICU TimeZone Detection - Raw Offset: +3:00, Platform Override: ''
LogPluginManager: Mounting plugin Paper2D
LogPluginManager: Mounting plugin AISupport
LogPluginManager: Mounting plugin LightPropagationVolume
LogPluginManager: Mounting plugin CLionSourceCodeAccess
LogPluginManager: Mounting plugin CodeLiteSourceCodeAccess
LogPluginManager: Mounting plugin GitSourceControl
LogPluginManager: Mounting plugin KDevelopSourceCodeAccess
LogPluginManager: Mounting plugin NullSourceCodeAccess
LogPluginManager: Mounting plugin PerforceSourceControl
LogPluginManager: Mounting plugin SubversionSourceControl
LogPluginManager: Mounting plugin UObjectPlugin
LogPluginManager: Mounting plugin VisualStudioCodeSourceCodeAccess
LogPluginManager: Mounting plugin VisualStudioSourceCodeAccess
LogPluginManager: Mounting plugin XCodeSourceCodeAccess
LogPluginManager: Mounting plugin AssetManagerEditor
LogPluginManager: Mounting plugin CryptoKeys
LogPluginManager: Mounting plugin DataValidation
LogPluginManager: Mounting plugin FacialAnimation
LogPluginManager: Mounting plugin GameplayTagsEditor
LogPluginManager: Mounting plugin MacGraphicsSwitching
LogPluginManager: Mounting plugin MeshEditor
LogPluginManager: Mounting plugin MobileLauncherProfileWizard
LogPluginManager: Mounting plugin PluginBrowser
LogPluginManager: Mounting plugin SpeedTreeImporter
LogPluginManager: Mounting plugin DatasmithContent
LogPluginManager: Mounting plugin AlembicImporter
LogPluginManager: Mounting plugin AppleImageUtils
LogPluginManager: Mounting plugin AppleVision
LogPluginManager: Mounting plugin BackChannel
LogPluginManager: Mounting plugin CharacterAI
LogPluginManager: Mounting plugin GeometryCache
LogPluginManager: Mounting plugin HTML5Networking
LogPluginManager: Mounting plugin ProxyLODPlugin
LogPluginManager: Mounting plugin MagicLeap
LogPluginManager: Mounting plugin MagicLeapEmulator
LogPluginManager: Mounting plugin MagicLeapMedia
LogPluginManager: Mounting plugin AndroidMedia
LogPluginManager: Mounting plugin AvfMedia
LogPluginManager: Mounting plugin ImgMedia
LogPluginManager: Mounting plugin LinearTimecode
LogPluginManager: Mounting plugin MediaCompositing
LogPluginManager: Mounting plugin MediaPlayerEditor
LogPluginManager: Mounting plugin WmfMedia
LogPluginManager: Mounting plugin TcpMessaging
LogPluginManager: Mounting plugin UdpMessaging
LogPluginManager: Mounting plugin ActorSequence
LogPluginManager: Mounting plugin LevelSequenceEditor
LogPluginManager: Mounting plugin MatineeToLevelSequence
LogPluginManager: Mounting plugin NetcodeUnitTest
LogPluginManager: Mounting plugin NUTUnrealEngine4
LogPluginManager: Mounting plugin OnlineSubsystemGooglePlay
LogPluginManager: Mounting plugin OnlineSubsystemIOS
LogPluginManager: Mounting plugin OnlineSubsystem
LogPluginManager: Mounting plugin OnlineSubsystemNull
LogPluginManager: Mounting plugin OnlineSubsystemUtils
LogPluginManager: Mounting plugin LauncherChunkInstaller
LogPluginManager: Mounting plugin AndroidDeviceProfileSelector
LogPluginManager: Mounting plugin AndroidMoviePlayer
LogPluginManager: Mounting plugin AndroidPermission
LogPluginManager: Mounting plugin AppleMoviePlayer
LogPluginManager: Mounting plugin ArchVisCharacter
LogPluginManager: Mounting plugin AudioCapture
LogPluginManager: Mounting plugin CableComponent
LogPluginManager: Mounting plugin CustomMeshComponent
LogPluginManager: Mounting plugin EditableMesh
LogPluginManager: Mounting plugin ExampleDeviceProfileSelector
LogPluginManager: Mounting plugin GoogleCloudMessaging
LogPluginManager: Mounting plugin ImmediatePhysics
LogPluginManager: Mounting plugin IOSDeviceProfileSelector
LogPluginManager: Mounting plugin LinuxDeviceProfileSelector
LogPluginManager: Mounting plugin LocationServicesBPLibrary
LogPluginManager: Mounting plugin MobilePatchingUtils
LogPluginManager: Mounting plugin OculusVR
LogPluginManager: Plugin shader directory ../../../Engine/Plugins/Runtime/Oculus/OculusVR/Shaders found
LogPluginManager: Mapping shader source directory ../../../Engine/Plugins/Runtime/Oculus/OculusVR/Shaders to virtual directory /Plugin/OculusVR
LogPluginManager: Mounting plugin PhysXVehicles
LogPluginManager: Mounting plugin ProceduralMeshComponent
LogPluginManager: Mounting plugin RuntimePhysXCooking
LogPluginManager: Mounting plugin SteamVR
LogPluginManager: Mounting plugin WindowsMoviePlayer
LogStreaming: Display: Took  0.099s to configure plugins.
LogWindows: Failed to load 'lib/win64/ml_perception_client.dll' (GetLastError=126)
LogWindows: File 'lib/win64/ml_perception_client.dll' does not exist
LogWindows: Failed to load 'lib/win64/ml_perception_client.dll' (GetLastError=126)
LogWindows: File 'lib/win64/ml_perception_client.dll' does not exist
LogWindows: Failed to load 'lib/win64/ml_graphics.dll' (GetLastError=126)
LogWindows: File 'lib/win64/ml_graphics.dll' does not exist
LogWindows: Failed to load 'lib/win64/ml_lifecycle.dll' (GetLastError=126)
LogWindows: File 'lib/win64/ml_lifecycle.dll' does not exist
LogWindows: Failed to load 'lib/win64/ml_input.dll' (GetLastError=126)
LogWindows: File 'lib/win64/ml_input.dll' does not exist
LogWindows: Failed to load 'lib/win64/ml_secure_storage.dll' (GetLastError=126)
LogWindows: File 'lib/win64/ml_secure_storage.dll' does not exist
LogWindows: Failed to load 'lib/win64/ml_identity.dll' (GetLastError=126)
LogWindows: File 'lib/win64/ml_identity.dll' does not exist
LogWindows: Failed to load 'lib/win64/ml_privileges.dll' (GetLastError=126)
LogWindows: File 'lib/win64/ml_privileges.dll' does not exist
LogInit: Using libcurl 7.55.1-DEV
LogInit:  - built for x86_64-pc-win32
LogInit:  - supports SSL with OpenSSL/1.0.2h
LogInit:  - supports HTTP deflate (compression) using libz 1.2.8
LogInit:  - other features:
LogInit:      CURL_VERSION_SSL
LogInit:      CURL_VERSION_LIBZ
LogInit:      CURL_VERSION_IPV6
LogInit:      CURL_VERSION_ASYNCHDNS
LogInit:      CURL_VERSION_LARGEFILE
LogInit:      CURL_VERSION_IDN
LogInit:  CurlRequestOptions (configurable via config and command line):
LogInit:  - bVerifyPeer = false  - Libcurl will NOT verify peer certificate
LogInit:  - bUseHttpProxy = false  - Libcurl will NOT use HTTP proxy
LogInit:  - bDontReuseConnections = false  - Libcurl will reuse connections
LogInit:  - CertBundlePath = nullptr  - Libcurl will use whatever was configured at build time.
LogInit:  - MaxHostConnections = 16  - Libcurl will limit the number of connections to a host
LogInit:  - LocalHostAddr = Default
LogInit:  - BufferSize = 65536
LogInit: WinSock: version 1.1 (2.2), MaxSocks=32767, MaxUdp=65467
LogInit: Build: ++UE4+Release-4.20-CL-4173640
LogInit: Engine Version: 4.20.0-4173640+++UE4+Release-4.20
LogInit: Compatible Engine Version: 4.20.0-4173640+++UE4+Release-4.20
LogInit: Net CL: 4173640
LogInit: OS: Windows 8.1 (), CPU: Intel(R) Core(TM) i7-4700HQ CPU @ 2.40GHz, GPU: Intel(R) HD Graphics 4600
LogInit: Compiled (64-bit): Jun 29 2018 10:53:58
LogInit: Compiled with Visual C++: 19.13.26129.00
LogInit: Build Configuration: Development
LogInit: Branch Name: ++UE4+Release-4.20
LogInit: Command Line:  
LogInit: Base Directory: C:/Program Files/Epic Games/UE_4.20/Engine/Binaries/Win64/
LogInit: Installed Engine Build: 1
LogDevObjectVersion: Number of dev versions registered: 20
LogDevObjectVersion:   Dev-Blueprints (B0D832E4-1F89-4F0D-ACCF-7EB736FD4AA2): 10
LogDevObjectVersion:   Dev-Build (E1C64328-A22C-4D53-A36C-8E866417BD8C): 0
LogDevObjectVersion:   Dev-Core (375EC13C-06E4-48FB-B500-84F0262A717E): 2
LogDevObjectVersion:   Dev-Editor (E4B068ED-F494-42E9-A231-DA0B2E46BB41): 24
LogDevObjectVersion:   Dev-Framework (CFFC743F-43B0-4480-9391-14DF171D2073): 34
LogDevObjectVersion:   Dev-Mobile (B02B49B5-BB20-44E9-A304-32B752E40360): 2
LogDevObjectVersion:   Dev-Networking (A4E4105C-59A1-49B5-A7C5-40C4547EDFEE): 0
LogDevObjectVersion:   Dev-Online (39C831C9-5AE6-47DC-9A44-9C173E1C8E7C): 0
LogDevObjectVersion:   Dev-Physics (78F01B33-EBEA-4F98-B9B4-84EACCB95AA2): 0
LogDevObjectVersion:   Dev-Platform (6631380F-2D4D-43E0-8009-CF276956A95A): 0
LogDevObjectVersion:   Dev-Rendering (12F88B9F-8875-4AFC-A67C-D90C383ABD29): 26
LogDevObjectVersion:   Dev-Sequencer (7B5AE74C-D270-4C10-A958-57980B212A5A): 9
LogDevObjectVersion:   Dev-VR (D7296918-1DD6-4BDD-9DE2-64A83CC13884): 2
LogDevObjectVersion:   Dev-LoadTimes (C2A15278-BFE7-4AFE-6C17-90FF531DF755): 1
LogDevObjectVersion:   Private-Geometry (6EACA3D4-40EC-4CC1-B786-8BED09428FC5): 3
LogDevObjectVersion:   Dev-AnimPhys (29E575DD-E0A3-4627-9D10-D276232CDCEA): 17
LogDevObjectVersion:   Dev-ReflectionCapture (6B266CEC-1EC7-4B8F-A30B-E4D90942FC07): 1
LogDevObjectVersion:   Dev-Automation (0DF73D61-A23F-47EA-B727-89E90C41499A): 1
LogDevObjectVersion:   FortniteMain (601D1886-AC64-4F84-AA16-D3DE0DEAC7D6): 12
LogDevObjectVersion:   Dev-Enterprise (9DFFBCD6-494F-0158-E221-12823C92A888): 1
LogStreaming: Display: Took  0.000s to delete old logs.
LogInit: Presizing for max 8388607 objects, including 0 objects not considered by GC, pre-allocating 0 bytes for permanent pool.
LogInit: Object subsystem initialized
[2018.07.08-17.38.07:489][  0]LogInit: Selected Device Profile: [Windows]
[2018.07.08-17.38.07:489][  0]LogInit: Applying CVar settings loaded from the selected device profile: [Windows]
[2018.07.08-17.38.07:497][  0]LogHAL: Display: Platform has ~ 8 GB [7997755392 / 8589934592 / 8], which maps to Default [LargestMinGB=32, LargerMinGB=12, DefaultMinGB=8, SmallerMinGB=6, SmallestMinGB=0)
[2018.07.08-17.38.07:497][  0]LogInit: Setting Device Profile CVar: [[r.Vulkan.UseRealUBs:1]]
[2018.07.08-17.38.07:497][  0]LogInit: Going up to parent DeviceProfile []
[2018.07.08-17.38.07:497][  0]LogInit: Computer: MEGACOMP3000
[2018.07.08-17.38.07:497][  0]LogInit: User: Мульт
[2018.07.08-17.38.07:497][  0]LogInit: CPU Page size=4096, Cores=4
[2018.07.08-17.38.07:497][  0]LogInit: High frequency timer resolution =2.338345 MHz
[2018.07.08-17.38.07:498][  0]LogMemory: Memory total: Physical=7.4GB (8GB approx)
[2018.07.08-17.38.07:498][  0]LogMemory: Platform Memory Stats for Windows
[2018.07.08-17.38.07:498][  0]LogMemory: Process Physical Memory: 98.05 MB used, 98.05 MB peak
[2018.07.08-17.38.07:498][  0]LogMemory: Process Virtual Memory: 90.90 MB used, 90.90 MB peak
[2018.07.08-17.38.07:498][  0]LogMemory: Physical Memory: 6077.57 MB used,  1549.68 MB free, 7627.25 MB total
[2018.07.08-17.38.07:498][  0]LogMemory: Virtual Memory: 491.14 MB used,  1549.68 MB free, 134217728.00 MB total
[2018.07.08-17.38.07:514][  0]LogInit: Using OS detected language (ru-RU).
[2018.07.08-17.38.07:514][  0]LogInit: Using OS detected locale (ru-RU).
[2018.07.08-17.38.07:515][  0]LogTextLocalizationManager: No specific localization for 'ru-RU' exists, so the 'ru' localization will be used.
[2018.07.08-17.38.07:516][  0]LogStreaming: Display: Took  0.002s to InitEngineTextLocalization.
[2018.07.08-17.38.07:516][  0]LogInit: Setting process to per monitor DPI aware
[2018.07.08-17.38.07:536][  0]LogSlate: New Slate User Created.  User Index 0, Is Virtual User: 0
[2018.07.08-17.38.07:536][  0]LogSlate: Slate User Registered.  User Index 0, Is Virtual User: 0
[2018.07.08-17.38.07:692][  0]LogHMD: Failed to initialize OpenVR with code 110
[2018.07.08-17.38.07:692][  0]LogD3D11RHI: D3D11 adapters:
[2018.07.08-17.38.07:743][  0]LogD3D11RHI:    0. 'Intel(R) HD Graphics 4600' (Feature Level 11_0)
[2018.07.08-17.38.07:743][  0]LogD3D11RHI:       480/0/1312 MB DedicatedVideo/DedicatedSystem/SharedSystem, Outputs:1, VendorId:0x8086
[2018.07.08-17.38.07:784][  0]LogD3D11RHI:    1. 'NVIDIA GeForce GT 750M' (Feature Level 11_0)
[2018.07.08-17.38.07:784][  0]LogD3D11RHI:       4003/0/3813 MB DedicatedVideo/DedicatedSystem/SharedSystem, Outputs:0, VendorId:0x10de
[2018.07.08-17.38.07:786][  0]LogD3D11RHI:    2. 'Microsoft Basic Render Driver' (Feature Level 11_0)
[2018.07.08-17.38.07:786][  0]LogD3D11RHI:       0/0/256 MB DedicatedVideo/DedicatedSystem/SharedSystem, Outputs:0, VendorId:0x1414
[2018.07.08-17.38.07:786][  0]LogD3D11RHI: Chosen D3D11 Adapter: 1
[2018.07.08-17.38.07:791][  0]LogD3D11RHI: Creating new Direct3DDevice
[2018.07.08-17.38.07:791][  0]LogD3D11RHI:     GPU DeviceId: 0xfe4 (for the marketing name, search the web for "GPU Device Id")
[2018.07.08-17.38.07:791][  0]LogWindows: EnumDisplayDevices:
[2018.07.08-17.38.07:792][  0]LogWindows:    0. 'Intel(R) HD Graphics 4600' (P:1 D:1)
[2018.07.08-17.38.07:792][  0]LogWindows:    1. 'Intel(R) HD Graphics 4600' (P:0 D:0)
[2018.07.08-17.38.07:792][  0]LogWindows:    2. 'Intel(R) HD Graphics 4600' (P:0 D:0)
[2018.07.08-17.38.07:792][  0]LogWindows:    3. 'NVIDIA GeForce GT 750M' (P:0 D:0)
[2018.07.08-17.38.07:792][  0]LogWindows: DebugString: PrimaryIsNotTheChoosenAdapter PrimaryIsNotTheChoosenAdapter PrimaryIsNotTheChoosenAdapter 
[2018.07.08-17.38.07:792][  0]LogD3D11RHI:     Adapter Name: NVIDIA GeForce GT 750M
[2018.07.08-17.38.07:792][  0]LogD3D11RHI:   Driver Version: 390.77 (internal:23.21.13.9077, unified:390.77)
[2018.07.08-17.38.07:792][  0]LogD3D11RHI:      Driver Date: 1-23-2018
[2018.07.08-17.38.07:792][  0]LogRHI: Texture pool is 2802 MB (70% of 4003 MB)
[2018.07.08-17.38.07:819][  0]LogD3D11RHI: [Aftermath] Enabled and primed
[2018.07.08-17.38.07:819][  0]LogD3D11RHI: Async texture creation enabled
[2018.07.08-17.38.07:838][  0]LogD3D11RHI: GPU Timing Frequency: 1000.000000 (Debug: 2 2)
[2018.07.08-17.38.07:838][  0]LogShaderCompilers: Guid format shader working directory is -42 characters bigger than the processId version (D:/Mult/Projects/Other/UnrealProjects/AutomationSystem/AutomationSystem/AutomationSystem/Intermediate/Shaders/WorkingDirectory/1528/).
[2018.07.08-17.38.07:838][  0]LogShaderCompilers: Cleaned the shader compiler working directory 'C:/Users/Мульт/AppData/Local/Temp/UnrealShaderWorkingDir/ED791ED54259D25B405AF186049D259F/'.
[2018.07.08-17.38.08:245][  0]LogTemp: Display: Loaded TP AllDesktopTargetPlatform
[2018.07.08-17.38.08:260][  0]LogTemp: Display: Loaded TP MacClientTargetPlatform
[2018.07.08-17.38.08:277][  0]LogTemp: Display: Loaded TP MacNoEditorTargetPlatform
[2018.07.08-17.38.08:291][  0]LogTemp: Display: Loaded TP MacServerTargetPlatform
[2018.07.08-17.38.08:306][  0]LogTemp: Display: Loaded TP MacTargetPlatform
[2018.07.08-17.38.08:322][  0]LogTemp: Display: Loaded TP WindowsClientTargetPlatform
[2018.07.08-17.38.08:337][  0]LogTemp: Display: Loaded TP WindowsNoEditorTargetPlatform
[2018.07.08-17.38.08:352][  0]LogTemp: Display: Loaded TP WindowsServerTargetPlatform
[2018.07.08-17.38.08:359][  0]LogTemp: Display: Loaded TP WindowsTargetPlatform
[2018.07.08-17.38.08:455][  0]LogTemp: Display: Loaded TP AndroidTargetPlatform
[2018.07.08-17.38.08:455][  0]LogTemp: Display: Loaded TP AndroidTargetPlatform
[2018.07.08-17.38.08:455][  0]LogTemp: Display: Loaded TP AndroidTargetPlatform
[2018.07.08-17.38.08:455][  0]LogTemp: Display: Loaded TP AndroidTargetPlatform
[2018.07.08-17.38.08:455][  0]LogTemp: Display: Loaded TP AndroidTargetPlatform
[2018.07.08-17.38.08:455][  0]LogTemp: Display: Loaded TP AndroidTargetPlatform
[2018.07.08-17.38.08:455][  0]LogTemp: Display: Loaded TP AndroidTargetPlatform
[2018.07.08-17.38.08:455][  0]LogTemp: Display: Loaded TP AndroidTargetPlatform
[2018.07.08-17.38.08:455][  0]LogTemp: Display: Loaded TP AndroidTargetPlatform
[2018.07.08-17.38.08:455][  0]LogTemp: Display: Loaded TP AndroidTargetPlatform
[2018.07.08-17.38.08:455][  0]LogTemp: Display: Loaded TP AndroidTargetPlatform
[2018.07.08-17.38.08:455][  0]LogTemp: Display: Loaded TP AndroidTargetPlatform
[2018.07.08-17.38.08:455][  0]LogTemp: Display: Loaded TP AndroidTargetPlatform
[2018.07.08-17.38.08:455][  0]LogTemp: Display: Loaded TP AndroidTargetPlatform
[2018.07.08-17.38.08:455][  0]LogTemp: Display: Loaded TP AndroidTargetPlatform
[2018.07.08-17.38.08:455][  0]LogTemp: Display: Loaded TP AndroidTargetPlatform
[2018.07.08-17.38.08:455][  0]LogTemp: Display: Loaded TP AndroidTargetPlatform
[2018.07.08-17.38.08:455][  0]LogTemp: Display: Loaded TP AndroidTargetPlatform
[2018.07.08-17.38.08:456][  0]LogTemp: Display: Loaded TP HTML5TargetPlatform
[2018.07.08-17.38.08:518][  0]LogTemp: Display: Loaded TP IOSTargetPlatform
[2018.07.08-17.38.08:518][  0]LogTemp: Display: Loaded TP IOSTargetPlatform
[2018.07.08-17.38.08:543][  0]LogTemp: Display: Loaded TP TVOSTargetPlatform
[2018.07.08-17.38.08:543][  0]LogTemp: Display: Loaded TP TVOSTargetPlatform
[2018.07.08-17.38.08:557][  0]LogTemp: Display: Loaded TP LinuxClientTargetPlatform
[2018.07.08-17.38.08:570][  0]LogTemp: Display: Loaded TP LinuxNoEditorTargetPlatform
[2018.07.08-17.38.08:586][  0]LogTemp: Display: Loaded TP LinuxServerTargetPlatform
[2018.07.08-17.38.08:599][  0]LogTemp: Display: Loaded TP LinuxTargetPlatform
[2018.07.08-17.38.08:608][  0]LogTemp: Display: Loaded TP LuminTargetPlatform
[2018.07.08-17.38.08:608][  0]LogTargetPlatformManager: Display: Building Assets For Windows
[2018.07.08-17.38.08:657][  0]LogXGEController: Cannot use XGE Controller as Incredibuild is not installed on this machine.
[2018.07.08-17.38.08:657][  0]LogShaderCompilers: Cannot use XGE Shader Compiler as Incredibuild is not installed on this machine.
[2018.07.08-17.38.08:657][  0]LogShaderCompilers: Display: Using Local Shader Compiler.
[2018.07.08-17.38.09:485][  0]LogDerivedDataCache: Display: Max Cache Size: 512 MB
[2018.07.08-17.38.16:842][  0]LogDerivedDataCache: Loaded boot cache 7.36s 71MB C:/Users/Мульт/AppData/Local/UnrealEngine/4.20/DerivedDataCache/Boot.ddc.
[2018.07.08-17.38.16:843][  0]LogDerivedDataCache: Display: Loaded Boot cache: C:/Users/Мульт/AppData/Local/UnrealEngine/4.20/DerivedDataCache/Boot.ddc
[2018.07.08-17.38.16:843][  0]LogDerivedDataCache: FDerivedDataBackendGraph:  Pak pak cache file D:/Mult/Projects/Other/UnrealProjects/AutomationSystem/AutomationSystem/AutomationSystem/DerivedDataCache/DDC.ddp not found, will not use a pak cache.
[2018.07.08-17.38.16:843][  0]LogDerivedDataCache: Unable to find inner node Pak for hierarchical cache Hierarchy.
[2018.07.08-17.38.16:844][  0]LogDerivedDataCache: FDerivedDataBackendGraph:  CompressedPak pak cache file D:/Mult/Projects/Other/UnrealProjects/AutomationSystem/AutomationSystem/AutomationSystem/DerivedDataCache/Compressed.ddp not found, will not use a pak cache.
[2018.07.08-17.38.16:844][  0]LogDerivedDataCache: Unable to find inner node CompressedPak for hierarchical cache Hierarchy.
[2018.07.08-17.38.16:858][  0]LogDerivedDataCache: Display: Pak cache opened for reading ../../../Engine/DerivedDataCache/Compressed.ddp.
[2018.07.08-17.38.16:870][  0]LogDerivedDataCache: Using Local data cache path C:/Users/Мульт/AppData/Local/UnrealEngine/Common/DerivedDataCache: Writable
[2018.07.08-17.38.16:870][  0]LogDerivedDataCache: Shared data cache path not found in *engine.ini, will not use an Shared cache.
[2018.07.08-17.38.16:870][  0]LogDerivedDataCache: Unable to find inner node Shared for hierarchical cache Hierarchy.
[2018.07.08-17.38.16:895][  0]LogMaterial: Verifying Global Shaders for PCD3D_SM5
[2018.07.08-17.38.16:897][  0]LogSlate: Using FreeType 2.6.0
[2018.07.08-17.38.16:898][  0]LogSlate: SlateFontServices - WITH_FREETYPE: 1, WITH_HARFBUZZ: 1
[2018.07.08-17.38.16:974][  0]LogAssetRegistry: FAssetRegistry took 0.0263 seconds to start up
[2018.07.08-17.38.17:321][  0]LogInit: Selected Device Profile: [Windows]
[2018.07.08-17.38.17:459][  0]LogSimplygon: Simplygon DLL not present - disabling.
[2018.07.08-17.38.17:462][  0]LogMeshReduction: Using SimplygonSwarm for distributed automatic mesh merging
[2018.07.08-17.38.17:462][  0]LogMeshReduction: Using ProxyLODMeshReduction for automatic mesh merging
[2018.07.08-17.38.17:462][  0]LogMeshReduction: Using QuadricMeshReduction for automatic static mesh reduction
[2018.07.08-17.38.17:462][  0]LogMeshReduction: No automatic skeletal mesh reduction module available
[2018.07.08-17.38.17:476][  0]LogNetVersion: AutomationSystem 1.0.0, NetCL: 4173640, EngineNetVer: 5, GameNetVer: 0 (Checksum: 4101724606)
[2018.07.08-17.38.17:981][  0]LogPackageLocalizationCache: Processed 11 localized package path(s) for 2 prioritized culture(s) in 0.063717 seconds
[2018.07.08-17.38.17:989][  0]LogUObjectArray: 38422 objects as part of root set at end of initial load.
[2018.07.08-17.38.17:989][  0]LogUObjectAllocator: 6690456 out of 0 bytes used by permanent object pool.
[2018.07.08-17.38.17:989][  0]LogUObjectArray: CloseDisregardForGC: 0/0 objects in disregard for GC pool
[2018.07.08-17.38.19:098][  0]LogTcpMessaging: Initializing TcpMessaging bridge
[2018.07.08-17.38.19:110][  0]LogUdpMessaging: Initializing bridge on interface 0.0.0.0:0 to multicast group 230.0.0.1:6666.
[2018.07.08-17.38.19:282][  0]SourceControl: Source control is disabled
[2018.07.08-17.38.19:981][  0]LogAndroidPermission: UAndroidPermissionCallbackProxy::GetInstance
[2018.07.08-17.38.20:064][  0]LogOcInput: OculusInput pre-init called
[2018.07.08-17.38.20:125][  0]LogEngine: Initializing Engine...
[2018.07.08-17.38.20:126][  0]LogHMD: Failed to initialize OpenVR with code 110
[2018.07.08-17.38.20:127][  0]LogStats: UGameplayTagsManager::ConstructGameplayTagTree: ImportINI prefixes -  0.000 s
[2018.07.08-17.38.20:127][  0]LogStats: UGameplayTagsManager::ConstructGameplayTagTree: Construct from data asset -  0.000 s
[2018.07.08-17.38.20:127][  0]LogStats: UGameplayTagsManager::ConstructGameplayTagTree: ImportINI -  0.000 s
[2018.07.08-17.38.20:127][  0]LogStats: UGameplayTagsManager::ConstructGameplayTagTree: GameplayTagTreeChangedEvent.Broadcast -  0.000 s
[2018.07.08-17.38.20:367][  0]LogInit: Initializing FReadOnlyCVARCache
[2018.07.08-17.38.20:380][  0]LogAIModule: Creating AISystem for world Untitled
[2018.07.08-17.38.20:409][  0]LogInit: XAudio2 using 'Динамики (Realtek High Definition Audio)' : 2 channels at 48 kHz using 32 bits per sample (channel mask 0x3)
[2018.07.08-17.38.20:600][  0]LogInit: FAudioDevice initialized.
[2018.07.08-17.38.20:600][  0]LogNetVersion: Set ProjectVersion to 1.0.0.0. Version Checksum will be recalculated on next use.
[2018.07.08-17.38.21:599][  0]LogDerivedDataCache: Saved boot cache 1.00s 71MB C:/Users/Мульт/AppData/Local/UnrealEngine/4.20/DerivedDataCache/Boot.ddc.
[2018.07.08-17.38.21:607][  0]LogInit: Texture streaming: Enabled
[2018.07.08-17.38.21:621][  0]LogEngineSessionManager: EngineSessionManager initialized
[2018.07.08-17.38.21:629][  0]LogInit: Transaction tracking system initialized
[2018.07.08-17.38.21:646][  0]BlueprintLog: New page: Editor Load
[2018.07.08-17.38.21:726][  0]LocalizationService: Localization service is disabled
